This is pdfTeX, Version 3.1415926-2.4-1.40.13 (TeX Live 2012/Debian) (format=pdflatex 2013.8.14)  19 AUG 2013 13:37
entering extended mode
 restricted \write18 enabled.
 %&-line parsing enabled.
**zooniverse-history.tex
(./zooniverse-history.tex
LaTeX2e <2011/06/27>
Babel <v3.8m> and hyphenation patterns for english, dumylang, nohyphenation, lo
aded.
(./sigchi.cls (/usr/share/texlive/texmf-dist/tex/latex/graphics/epsfig.sty
Package: epsfig 1999/02/16 v1.7a (e)psfig emulation (SPQR)

(/usr/share/texlive/texmf-dist/tex/latex/graphics/graphicx.sty
Package: graphicx 1999/02/16 v1.0f Enhanced LaTeX Graphics (DPC,SPQR)

(/usr/share/texlive/texmf-dist/tex/latex/graphics/keyval.sty
Package: keyval 1999/03/16 v1.13 key=value parser (DPC)
\KV@toks@=\toks14
)
(/usr/share/texlive/texmf-dist/tex/latex/graphics/graphics.sty
Package: graphics 2009/02/05 v1.0o Standard LaTeX Graphics (DPC,SPQR)

(/usr/share/texlive/texmf-dist/tex/latex/graphics/trig.sty
Package: trig 1999/03/16 v1.09 sin cos tan (DPC)
)
(/usr/share/texlive/texmf-dist/tex/latex/latexconfig/graphics.cfg
File: graphics.cfg 2010/04/23 v1.9 graphics configuration of TeX Live
)
Package graphics Info: Driver file: pdftex.def on input line 91.

(/usr/share/texlive/texmf-dist/tex/latex/pdftex-def/pdftex.def
File: pdftex.def 2011/05/27 v0.06d Graphics/color for pdfTeX

(/usr/share/texlive/texmf-dist/tex/generic/oberdiek/infwarerr.sty
Package: infwarerr 2010/04/08 v1.3 Providing info/warning/error messages (HO)
)
(/usr/share/texlive/texmf-dist/tex/generic/oberdiek/ltxcmds.sty
Package: ltxcmds 2011/11/09 v1.22 LaTeX kernel commands for general use (HO)
)
\Gread@gobject=\count79
))
\Gin@req@height=\dimen102
\Gin@req@width=\dimen103
)
\epsfxsize=\dimen104
\epsfysize=\dimen105
)
(/usr/share/texlive/texmf-dist/tex/latex/amsfonts/amssymb.sty
Package: amssymb 2009/06/22 v3.00

(/usr/share/texlive/texmf-dist/tex/latex/amsfonts/amsfonts.sty
Package: amsfonts 2009/06/22 v3.00 Basic AMSFonts support
\@emptytoks=\toks15
\symAMSa=\mathgroup4
\symAMSb=\mathgroup5
LaTeX Font Info:    Overwriting math alphabet `\mathfrak' in version `bold'
(Font)                  U/euf/m/n --> U/euf/b/n on input line 96.
))
(/usr/share/texlive/texmf-dist/tex/latex/amsmath/amsmath.sty
Package: amsmath 2000/07/18 v2.13 AMS math features
\@mathmargin=\skip41

For additional information on amsmath, use the `?' option.
(/usr/share/texlive/texmf-dist/tex/latex/amsmath/amstext.sty
Package: amstext 2000/06/29 v2.01

(/usr/share/texlive/texmf-dist/tex/latex/amsmath/amsgen.sty
File: amsgen.sty 1999/11/30 v2.0
\@emptytoks=\toks16
\ex@=\dimen106
))
(/usr/share/texlive/texmf-dist/tex/latex/amsmath/amsbsy.sty
Package: amsbsy 1999/11/29 v1.2d
\pmbraise@=\dimen107
)
(/usr/share/texlive/texmf-dist/tex/latex/amsmath/amsopn.sty
Package: amsopn 1999/12/14 v2.01 operator names
)
\inf@bad=\count80
LaTeX Info: Redefining \frac on input line 211.
\uproot@=\count81
\leftroot@=\count82
LaTeX Info: Redefining \overline on input line 307.
\classnum@=\count83
\DOTSCASE@=\count84
LaTeX Info: Redefining \ldots on input line 379.
LaTeX Info: Redefining \dots on input line 382.
LaTeX Info: Redefining \cdots on input line 467.
\Mathstrutbox@=\box26
\strutbox@=\box27
\big@size=\dimen108
LaTeX Font Info:    Redeclaring font encoding OML on input line 567.
LaTeX Font Info:    Redeclaring font encoding OMS on input line 568.
\macc@depth=\count85
\c@MaxMatrixCols=\count86
\dotsspace@=\muskip10
\c@parentequation=\count87
\dspbrk@lvl=\count88
\tag@help=\toks17
\row@=\count89
\column@=\count90
\maxfields@=\count91
\andhelp@=\toks18
\eqnshift@=\dimen109
\alignsep@=\dimen110
\tagshift@=\dimen111
\tagwidth@=\dimen112
\totwidth@=\dimen113
\lineht@=\dimen114
\@envbody=\toks19
\multlinegap=\skip42
\multlinetaggap=\skip43
\mathdisplay@stack=\toks20
LaTeX Info: Redefining \[ on input line 2666.
LaTeX Info: Redefining \] on input line 2667.
)
Document Class sigchi' <Oct 19, 2011>. Updated for chi 2012 based on chi2012.cl
s by William Hudson and Jean-Daniel Fekete.
Document Class `chi2011' <October 19, 2010>. Tweaked by Manas Tungare.
Shamelessly copied from
`chiproceedings' <7th Sep. '00>. Modified by Jan O. Borchers
`acm_proc_article-sp' <2nd. October '02>. Modified by G.K.M. Tobin
`acmconf' <22 May 89>. Hacked 4/91 by shivers@cs.cmu.edu, 4/93 by theobald@cs.m
cgill.ca
Excerpts were taken from (Journal Style) 'esub2acm.cls'.
\footheight=\dimen115
\@maxsep=\dimen116
\@dblmaxsep=\dimen117
\aucount=\count92
\originalaucount=\count93
\auwidth=\dimen118
\auskip=\dimen119
\auskipcount=\count94
\auskip=\dimen120
\allauboxes=\dimen121
\addauthors=\toks21
\subtitletext=\toks22
! Font \secfnt=phvb7t at 9.0pt not loadable: Metric (TFM) file not found.
<to be read again> 
                   \relax 
l.386 \newfont{\secfnt}{phvb7t at 9pt}
                                                          % 05-16-2006 atd
? 
! Font \secit=phvbo7t at 9.0pt not loadable: Metric (TFM) file not found.
<to be read again> 
                   \relax 
l.387 \newfont{\secit}{phvbo7t at 9pt}
                                                          % 05-16-2006 atd
? 
! Font \subsecfnt=phvro7t at 9.0pt not loadable: Metric (TFM) file not found.
<to be read again> 
                   \relax 
l.388 \newfont{\subsecfnt}{phvro7t at 9pt}
                                                              % 05-16-2006 atd
? 
! Font \subsecit=phvr7t at 9.0pt not loadable: Metric (TFM) file not found.
<to be read again> 
                   \relax 
l.389 \newfont{\subsecit}{phvr7t at 9pt}
                                                            % 05-16-2006 atd
? 
! Font \ttlfnt=phvb7t at 18.0pt not loadable: Metric (TFM) file not found.
<to be read again> 
                   \relax 
l.390 \newfont{\ttlfnt}{phvb7t at 18pt}
                                                           % 05-16-2006 atd
? 
! Font \ttlit=phvbo7t at 18.0pt not loadable: Metric (TFM) file not found.
<to be read again> 
                   \relax 
l.391 \newfont{\ttlit}{phvbo7t at 18pt}
                                                           % 05-16-2006 atd
? 
! Font \subttlfnt=phvr7t at 14.0pt not loadable: Metric (TFM) file not found.
<to be read again> 
                   \relax 
l.392 \newfont{\subttlfnt}{phvr7t at 14pt}
                                                              % 05-16-2006 atd
? 
! Font \subttlit=phvro7t at 14.0pt not loadable: Metric (TFM) file not found.
<to be read again> 
                   \relax 
l.393 \newfont{\subttlit}{phvro7t at 14pt}
                                                               % 05-16-2006 atd

? 
! Font \subttlbf=phvb7t at 14.0pt not loadable: Metric (TFM) file not found.
<to be read again> 
                   \relax 
l.394 \newfont{\subttlbf}{phvb7t at 14pt}
                                                             % 05-16-2006 atd
? 
! Font \aufnt=ptmb7t at 12.0pt not loadable: Metric (TFM) file not found.
<to be read again> 
                   \relax 
l.395 \newfont{\aufnt}{ptmb7t at 12pt}
                                                          % 05-16-2006 atd
? 
! Font \auit=ptmbo7t at 12.0pt not loadable: Metric (TFM) file not found.
<to be read again> 
                   \relax 
l.396 \newfont{\auit}{ptmbo7t at 12pt}
                                                          % 05-16-2006 atd
? 
! Font \affaddr=ptmr7t at 12.0pt not loadable: Metric (TFM) file not found.
<to be read again> 
                   \relax 
l.397 \newfont{\affaddr}{ptmr7t at 12pt}
                                                            % 05-16-2006 atd
? 
! Font \affaddrit=ptmro7t at 12.0pt not loadable: Metric (TFM) file not found.
<to be read again> 
                   \relax 
l.398 \newfont{\affaddrit}{ptmro7t at 12pt}
                                                               % 05-16-2006 atd

? 
! Font \eaddfnt=ptmr7t at 12.0pt not loadable: Metric (TFM) file not found.
<to be read again> 
                   \relax 
l.399 \newfont{\eaddfnt}{ptmr7t at 12pt}
                                                            % 05-16-2006 atd
? 
! Font \ixpt=ptmr7t at 10.0pt not loadable: Metric (TFM) file not found.
<to be read again> 
                   \relax 
l.400 \newfont{\ixpt}{ptmr7t at 10pt}
                                                         % 05-16-2006 atd
? 
! Font \confname=ptmri7t at 8.0pt not loadable: Metric (TFM) file not found.
<to be read again> 
                   \relax 
l.401 \newfont{\confname}{ptmri7t at 8pt}
                                                             % 05-16-2006 atd
? 
! Font \crnotice=ptmr7t at 8.0pt not loadable: Metric (TFM) file not found.
<to be read again> 
                   \relax 
l.402 \newfont{\crnotice}{ptmr7t at 8pt}
                                                            % 05-16-2006 atd
? 
! Font \ninept=ptmr7t at 10.0pt not loadable: Metric (TFM) file not found.
<to be read again> 
                   \relax 
l.403 \newfont{\ninept}{ptmr7t at 10pt}
                                                           % 05-16-2006 atd
? 
! Interruption.
<argument> ...\font \ninept =ptmr7t at 10pt\relax 
                                                  \fi \fi 
l.403 \newfont{\ninept}{ptmr7t at 10pt}
                                                           % 05-16-2006 atd
? 
\savesection=\count95
\sectioncntr=\count96
\c@figure=\count97
\c@table=\count98
\teaserspace=\skip44
\titleboxnotes=\toks23
\titleboxnoteflag=\count99

LaTeX Warning: You have requested document class `sigchi',
               but the document class provides `chi2012'.

Document Class: chi2012 2011/06/06 - V0.16
(/usr/share/texlive/texmf-dist/tex/latex/base/latexsym.sty
Package: latexsym 1998/08/17 v2.2e Standard LaTeX package (lasy symbols)
\symlasy=\mathgroup6
LaTeX Font Info:    Overwriting symbol font `lasy' in version `bold'
(Font)                  U/lasy/m/n --> U/lasy/b/n on input line 47.
)
\titlenotecount=\count100
\tntoks=\toks24
\tntokstwo=\toks25
\tntoksthree=\toks26
\tntoksfour=\toks27
\tntoksfive=\toks28
\catcount=\count101
\copyrightnotice=\toks29
\c@copyrightbox=\count102
\conf=\toks30
\confinfo=\toks31
\c@part=\count103
\c@section=\count104
\c@subsection=\count105
\c@subsubsection=\count106
\c@paragraph=\count107

Using 'Abbrev' bibliography style
\bibindent=\dimen122
\bibsep=\skip45
\colcntr=\count108
\savebox=\box28
\copyrtyr=\toks32
\acmcopyr=\toks33
\boilerplate=\toks34
\copyrightetc=\toks35
)

! LaTeX Error: File `balance.sty' not found.

Type X to quit or <RETURN> to proceed,
or enter new name. (Default extension: sty)

Enter file name: 
! Emergency stop.
<read *> 
         
l.14 \usepackage
                {graphics} % for EPS, load graphicx instead^^M
End of file on the terminal!

 
Here is how much of TeX's memory you used:
 1783 strings out of 495059
 20862 string characters out of 3182030
 72038 words of memory out of 3000000
 4996 multiletter control sequences out of 15000+200000
 3640 words of font info for 14 fonts, out of 3000000 for 9000
 14 hyphenation exceptions out of 8191
 41i,0n,26p,266b,36s stack positions out of 5000i,500n,10000p,200000b,50000s
!  ==> Fatal error occurred, no output PDF file produced!
